[2019-03-20T09:49:12.285] [TRACE] app - Connected to Database. Beginning Scan.
[2019-03-20T09:49:15.493] [TRACE] app - Total Pages to scan: 13
[2019-03-20T09:49:15.506] [TRACE] app - Scanning Page 2 of 13
[2019-03-20T09:49:18.313] [TRACE] app - Scanning Page 3 of 13
[2019-03-20T09:49:21.096] [TRACE] app - Scanning Page 4 of 13
[2019-03-20T09:49:23.902] [TRACE] app - Scanning Page 5 of 13
[2019-03-20T09:49:26.710] [TRACE] app - Scanning Page 6 of 13
[2019-03-20T09:49:29.493] [TRACE] app - Scanning Page 7 of 13
[2019-03-20T09:49:32.461] [TRACE] app - Scanning Page 8 of 13
[2019-03-20T09:49:35.220] [TRACE] app - Scanning Page 9 of 13
[2019-03-20T09:49:38.009] [TRACE] app - Scanning Page 10 of 13
[2019-03-20T09:49:40.771] [TRACE] app - Scanning Page 11 of 13
[2019-03-20T09:49:43.500] [TRACE] app - Scanning Page 12 of 13
[2019-03-20T09:49:46.258] [TRACE] app - Scanning Page 13 of 13
[2019-03-20T09:49:49.020] [TRACE] app - Captured 129 results.
[2019-03-20T09:49:49.021] [TRACE] app - Analyzing results
[2019-03-20T09:49:53.254] [TRACE] app - Sent Email: [object Object],
[2019-03-20T09:55:38.212] [TRACE] app - Connected to Database. Beginning Scan.
[2019-03-20T09:55:41.394] [TRACE] app - Total Pages to scan: 13
[2019-03-20T09:55:41.406] [TRACE] app - Scanning Page 2 of 13
[2019-03-20T09:55:44.135] [TRACE] app - Scanning Page 3 of 13
[2019-03-20T09:55:46.886] [TRACE] app - Scanning Page 4 of 13
[2019-03-20T09:55:49.612] [TRACE] app - Scanning Page 5 of 13
[2019-03-20T09:55:52.365] [TRACE] app - Scanning Page 6 of 13
[2019-03-20T09:55:55.118] [TRACE] app - Scanning Page 7 of 13
[2019-03-20T09:55:57.827] [TRACE] app - Scanning Page 8 of 13
[2019-03-20T09:56:00.623] [TRACE] app - Scanning Page 9 of 13
[2019-03-20T09:56:03.374] [TRACE] app - Scanning Page 10 of 13
[2019-03-20T09:56:06.135] [TRACE] app - Scanning Page 11 of 13
[2019-03-20T09:56:08.988] [TRACE] app - Scanning Page 12 of 13
[2019-03-20T09:56:11.704] [TRACE] app - Scanning Page 13 of 13
[2019-03-20T09:56:14.477] [TRACE] app - Captured 129 results.
[2019-03-20T09:56:14.477] [TRACE] app - Analyzing results
[2019-03-20T09:56:18.589] [TRACE] app - Sent Email: [object Object],
